# JRE version: Java(TM) SE Runtime Environment (8.0_60-b27) (build 1.8.0_60-b27)
# Java VM: Java HotSpot(TM) 64-Bit Server VM (25.60-b23 mixed mode windows-amd64 compressed oops)
Heap:
 PSYoungGen      total 34304K, used 26211K [0x00000000da000000, 0x00000000dc600000, 0x0000000100000000)
  eden space 29696K, 86% used [0x00000000da000000,0x00000000db920d58,0x00000000dbd00000)
  from space 4608K, 10% used [0x00000000dbd00000,0x00000000dbd78000,0x00000000dc180000)
  to   space 4608K, 0% used [0x00000000dc180000,0x00000000dc180000,0x00000000dc600000)
 ParOldGen       total 41472K, used 7549K [0x000000008e000000, 0x0000000090880000, 0x00000000da000000)
  object space 41472K, 18% used [0x000000008e000000,0x000000008e75f780,0x0000000090880000)
 Metaspace       used 22737K, capacity 23086K, committed 23296K, reserved 1069056K
  class space    used 2668K, capacity 2789K, committed 2816K, reserved 1048576K
GC Heap History (8 events):
Event: 14.057 GC heap before
{Heap before GC invocations=1 (full 0):
 PSYoungGen      total 34304K, used 29696K [0x00000000da000000, 0x00000000dc600000, 0x0000000100000000)
  eden space 29696K, 100% used [0x00000000da000000,0x00000000dbd00000,0x00000000dbd00000)
  from space 4608K, 0% used [0x00000000dc180000,0x00000000dc180000,0x00000000dc600000)
  to   space 4608K, 0% used [0x00000000dbd00000,0x00000000dbd00000,0x00000000dc180000)
 ParOldGen       total 77824K, used 0K [0x000000008e000000, 0x0000000092c00000, 0x00000000da000000)
  object space 77824K, 0% used [0x000000008e000000,0x000000008e000000,0x0000000092c00000)
 Metaspace       used 18701K, capacity 18956K, committed 19328K, reserved 1067008K
  class space    used 2261K, capacity 2360K, committed 2432K, reserved 1048576K
Event: 14.068 GC heap after
Heap after GC invocations=1 (full 0):
 PSYoungGen      total 34304K, used 4596K [0x00000000da000000, 0x00000000dc600000, 0x0000000100000000)
  eden space 29696K, 0% used [0x00000000da000000,0x00000000da000000,0x00000000dbd00000)
  from space 4608K, 99% used [0x00000000dbd00000,0x00000000dc17d290,0x00000000dc180000)
  to   space 4608K, 0% used [0x00000000dc180000,0x00000000dc180000,0x00000000dc600000)
 ParOldGen       total 77824K, used 3846K [0x000000008e000000, 0x0000000092c00000, 0x00000000da000000)
  object space 77824K, 4% used [0x000000008e000000,0x000000008e3c1990,0x0000000092c00000)
 Metaspace       used 18701K, capacity 18956K, committed 19328K, reserved 1067008K
  class space    used 2261K, capacity 2360K, committed 2432K, reserved 1048576K
}
Event: 49.135 GC heap before
{Heap before GC invocations=2 (full 0):
 PSYoungGen      total 34304K, used 21110K [0x00000000da000000, 0x00000000dc600000, 0x0000000100000000)
  eden space 29696K, 55% used [0x00000000da000000,0x00000000db020748,0x00000000dbd00000)
  from space 4608K, 99% used [0x00000000dbd00000,0x00000000dc17d290,0x00000000dc180000)
  to   space 4608K, 0% used [0x00000000dc180000,0x00000000dc180000,0x00000000dc600000)
 ParOldGen       total 77824K, used 3846K [0x000000008e000000, 0x0000000092c00000, 0x00000000da000000)
  object space 77824K, 4% used [0x000000008e000000,0x000000008e3c1990,0x0000000092c00000)
 Metaspace       used 20761K, capacity 21042K, committed 21296K, reserved 1069056K
  class space    used 2521K, capacity 2649K, committed 2688K, reserved 1048576K
Event: 49.144 GC heap after
Heap after GC invocations=2 (full 0):
 PSYoungGen      total 34304K, used 4604K [0x00000000da000000, 0x00000000dc600000, 0x0000000100000000)
  eden space 29696K, 0% used [0x00000000da000000,0x00000000da000000,0x00000000dbd00000)
  from space 4608K, 99% used [0x00000000dc180000,0x00000000dc5ff050,0x00000000dc600000)
  to   space 4608K, 0% used [0x00000000dbd00000,0x00000000dbd00000,0x00000000dc180000)
 ParOldGen       total 77824K, used 6995K [0x000000008e000000, 0x0000000092c00000, 0x00000000da000000)
  object space 77824K, 8% used [0x000000008e000000,0x000000008e6d4c10,0x0000000092c00000)
 Metaspace       used 20761K, capacity 21042K, committed 21296K, reserved 1069056K
  class space    used 2521K, capacity 2649K, committed 2688K, reserved 1048576K
}
Event: 49.144 GC heap before
{Heap before GC invocations=3 (full 1):
 PSYoungGen      total 34304K, used 4604K [0x00000000da000000, 0x00000000dc600000, 0x0000000100000000)
  eden space 29696K, 0% used [0x00000000da000000,0x00000000da000000,0x00000000dbd00000)
  from space 4608K, 99% used [0x00000000dc180000,0x00000000dc5ff050,0x00000000dc600000)
  to   space 4608K, 0% used [0x00000000dbd00000,0x00000000dbd00000,0x00000000dc180000)
 ParOldGen       total 77824K, used 6995K [0x000000008e000000, 0x0000000092c00000, 0x00000000da000000)
  object space 77824K, 8% used [0x000000008e000000,0x000000008e6d4c10,0x0000000092c00000)
 Metaspace       used 20761K, capacity 21042K, committed 21296K, reserved 1069056K
  class space    used 2521K, capacity 2649K, committed 2688K, reserved 1048576K
Event: 49.175 GC heap after
Heap after GC invocations=3 (full 1):
 PSYoungGen      total 34304K, used 0K [0x00000000da000000, 0x00000000dc600000, 0x0000000100000000)
  eden space 29696K, 0% used [0x00000000da000000,0x00000000da000000,0x00000000dbd00000)
  from space 4608K, 0% used [0x00000000dc180000,0x00000000dc180000,0x00000000dc600000)
  to   space 4608K, 0% used [0x00000000dbd00000,0x00000000dbd00000,0x00000000dc180000)
 ParOldGen       total 41472K, used 7541K [0x000000008e000000, 0x0000000090880000, 0x00000000da000000)
  object space 41472K, 18% used [0x000000008e000000,0x000000008e75d780,0x0000000090880000)
 Metaspace       used 20761K, capacity 21042K, committed 21296K, reserved 1069056K
  class space    used 2521K, capacity 2649K, committed 2688K, reserved 1048576K
}
Event: 478.447 GC heap before
{Heap before GC invocations=4 (full 1):
 PSYoungGen      total 34304K, used 29696K [0x00000000da000000, 0x00000000dc600000, 0x0000000100000000)
  eden space 29696K, 100% used [0x00000000da000000,0x00000000dbd00000,0x00000000dbd00000)
  from space 4608K, 0% used [0x00000000dc180000,0x00000000dc180000,0x00000000dc600000)
  to   space 4608K, 0% used [0x00000000dbd00000,0x00000000dbd00000,0x00000000dc180000)
 ParOldGen       total 41472K, used 7541K [0x000000008e000000, 0x0000000090880000, 0x00000000da000000)
  object space 41472K, 18% used [0x000000008e000000,0x000000008e75d780,0x0000000090880000)
 Metaspace       used 22411K, capacity 22766K, committed 22960K, reserved 1069056K
  class space    used 2660K, capacity 2789K, committed 2816K, reserved 1048576K
Event: 478.450 GC heap after
Heap after GC invocations=4 (full 1):
 PSYoungGen      total 34304K, used 480K [0x00000000da000000, 0x00000000dc600000, 0x0000000100000000)
  eden space 29696K, 0% used [0x00000000da000000,0x00000000da000000,0x00000000dbd00000)
  from space 4608K, 10% used [0x00000000dbd00000,0x00000000dbd78000,0x00000000dc180000)
  to   space 4608K, 0% used [0x00000000dc180000,0x00000000dc180000,0x00000000dc600000)
 ParOldGen       total 41472K, used 7549K [0x000000008e000000, 0x0000000090880000, 0x00000000da000000)
  object space 41472K, 18% used [0x000000008e000000,0x000000008e75f780,0x0000000090880000)
 Metaspace       used 22411K, capacity 22766K, committed 22960K, reserved 1069056K
  class space    used 2660K, capacity 2789K, committed 2816K, reserved 1048576K
}

