# JRE version: Java(TM) SE Runtime Environment (8.0_60-b27) (build 1.8.0_60-b27)
# Java VM: Java HotSpot(TM) 64-Bit Server VM (25.60-b23 mixed mode windows-amd64 compressed oops)
Heap:
 PSYoungGen      total 34304K, used 29627K [0x00000000da000000, 0x00000000dda00000, 0x0000000100000000)
  eden space 29696K, 97% used [0x00000000da000000,0x00000000dbc66ea0,0x00000000dbd00000)
  from space 4608K, 11% used [0x00000000dbd00000,0x00000000dbd88000,0x00000000dc180000)
  to   space 4608K, 0% used [0x00000000dd580000,0x00000000dd580000,0x00000000dda00000)
 ParOldGen       total 48640K, used 7918K [0x000000008e000000, 0x0000000090f80000, 0x00000000da000000)
  object space 48640K, 16% used [0x000000008e000000,0x000000008e7bb9c0,0x0000000090f80000)
 Metaspace       used 22067K, capacity 22398K, committed 22704K, reserved 1069056K
  class space    used 2575K, capacity 2693K, committed 2816K, reserved 1048576K
GC Heap History (8 events):
Event: 5.322 GC heap before
{Heap before GC invocations=1 (full 0):
 PSYoungGen      total 34304K, used 29696K [0x00000000da000000, 0x00000000dc600000, 0x0000000100000000)
  eden space 29696K, 100% used [0x00000000da000000,0x00000000dbd00000,0x00000000dbd00000)
  from space 4608K, 0% used [0x00000000dc180000,0x00000000dc180000,0x00000000dc600000)
  to   space 4608K, 0% used [0x00000000dbd00000,0x00000000dbd00000,0x00000000dc180000)
 ParOldGen       total 77824K, used 0K [0x000000008e000000, 0x0000000092c00000, 0x00000000da000000)
  object space 77824K, 0% used [0x000000008e000000,0x000000008e000000,0x0000000092c00000)
 Metaspace       used 18833K, capacity 19100K, committed 19328K, reserved 1067008K
  class space    used 2275K, capacity 2392K, committed 2432K, reserved 1048576K
Event: 5.334 GC heap after
Heap after GC invocations=1 (full 0):
 PSYoungGen      total 34304K, used 4591K [0x00000000da000000, 0x00000000dc600000, 0x0000000100000000)
  eden space 29696K, 0% used [0x00000000da000000,0x00000000da000000,0x00000000dbd00000)
  from space 4608K, 99% used [0x00000000dbd00000,0x00000000dc17bc28,0x00000000dc180000)
  to   space 4608K, 0% used [0x00000000dc180000,0x00000000dc180000,0x00000000dc600000)
 ParOldGen       total 77824K, used 3579K [0x000000008e000000, 0x0000000092c00000, 0x00000000da000000)
  object space 77824K, 4% used [0x000000008e000000,0x000000008e37ecd0,0x0000000092c00000)
 Metaspace       used 18833K, capacity 19100K, committed 19328K, reserved 1067008K
  class space    used 2275K, capacity 2392K, committed 2432K, reserved 1048576K
}
Event: 5.583 GC heap before
{Heap before GC invocations=2 (full 0):
 PSYoungGen      total 34304K, used 18406K [0x00000000da000000, 0x00000000dc600000, 0x0000000100000000)
  eden space 29696K, 46% used [0x00000000da000000,0x00000000dad7df70,0x00000000dbd00000)
  from space 4608K, 99% used [0x00000000dbd00000,0x00000000dc17bc28,0x00000000dc180000)
  to   space 4608K, 0% used [0x00000000dc180000,0x00000000dc180000,0x00000000dc600000)
 ParOldGen       total 77824K, used 3579K [0x000000008e000000, 0x0000000092c00000, 0x00000000da000000)
  object space 77824K, 4% used [0x000000008e000000,0x000000008e37ecd0,0x0000000092c00000)
 Metaspace       used 20821K, capacity 21064K, committed 21296K, reserved 1069056K
  class space    used 2537K, capacity 2620K, committed 2688K, reserved 1048576K
Event: 5.591 GC heap after
Heap after GC invocations=2 (full 0):
 PSYoungGen      total 34304K, used 4598K [0x00000000da000000, 0x00000000de300000, 0x0000000100000000)
  eden space 29696K, 0% used [0x00000000da000000,0x00000000da000000,0x00000000dbd00000)
  from space 4608K, 99% used [0x00000000dc180000,0x00000000dc5fda68,0x00000000dc600000)
  to   space 4608K, 0% used [0x00000000dbd00000,0x00000000dbd00000,0x00000000dc180000)
 ParOldGen       total 77824K, used 7121K [0x000000008e000000, 0x0000000092c00000, 0x00000000da000000)
  object space 77824K, 9% used [0x000000008e000000,0x000000008e6f4690,0x0000000092c00000)
 Metaspace       used 20821K, capacity 21064K, committed 21296K, reserved 1069056K
  class space    used 2537K, capacity 2620K, committed 2688K, reserved 1048576K
}
Event: 5.591 GC heap before
{Heap before GC invocations=3 (full 1):
 PSYoungGen      total 34304K, used 4598K [0x00000000da000000, 0x00000000de300000, 0x0000000100000000)
  eden space 29696K, 0% used [0x00000000da000000,0x00000000da000000,0x00000000dbd00000)
  from space 4608K, 99% used [0x00000000dc180000,0x00000000dc5fda68,0x00000000dc600000)
  to   space 4608K, 0% used [0x00000000dbd00000,0x00000000dbd00000,0x00000000dc180000)
 ParOldGen       total 77824K, used 7121K [0x000000008e000000, 0x0000000092c00000, 0x00000000da000000)
  object space 77824K, 9% used [0x000000008e000000,0x000000008e6f4690,0x0000000092c00000)
 Metaspace       used 20821K, capacity 21064K, committed 21296K, reserved 1069056K
  class space    used 2537K, capacity 2620K, committed 2688K, reserved 1048576K
Event: 5.621 GC heap after
Heap after GC invocations=3 (full 1):
 PSYoungGen      total 34304K, used 0K [0x00000000da000000, 0x00000000de300000, 0x0000000100000000)
  eden space 29696K, 0% used [0x00000000da000000,0x00000000da000000,0x00000000dbd00000)
  from space 4608K, 0% used [0x00000000dc180000,0x00000000dc180000,0x00000000dc600000)
  to   space 4608K, 0% used [0x00000000dbd00000,0x00000000dbd00000,0x00000000dc180000)
 ParOldGen       total 48640K, used 7910K [0x000000008e000000, 0x0000000090f80000, 0x00000000da000000)
  object space 48640K, 16% used [0x000000008e000000,0x000000008e7b99c0,0x0000000090f80000)
 Metaspace       used 20821K, capacity 21064K, committed 21296K, reserved 1069056K
  class space    used 2537K, capacity 2620K, committed 2688K, reserved 1048576K
}
Event: 40.255 GC heap before
{Heap before GC invocations=4 (full 1):
 PSYoungGen      total 34304K, used 29696K [0x00000000da000000, 0x00000000de300000, 0x0000000100000000)
  eden space 29696K, 100% used [0x00000000da000000,0x00000000dbd00000,0x00000000dbd00000)
  from space 4608K, 0% used [0x00000000dc180000,0x00000000dc180000,0x00000000dc600000)
  to   space 4608K, 0% used [0x00000000dbd00000,0x00000000dbd00000,0x00000000dc180000)
 ParOldGen       total 48640K, used 7910K [0x000000008e000000, 0x0000000090f80000, 0x00000000da000000)
  object space 48640K, 16% used [0x000000008e000000,0x000000008e7b99c0,0x0000000090f80000)
 Metaspace       used 21664K, capacity 21950K, committed 22192K, reserved 1069056K
  class space    used 2574K, capacity 2693K, committed 2816K, reserved 1048576K
Event: 40.257 GC heap after
Heap after GC invocations=4 (full 1):
 PSYoungGen      total 34304K, used 544K [0x00000000da000000, 0x00000000dda00000, 0x0000000100000000)
  eden space 29696K, 0% used [0x00000000da000000,0x00000000da000000,0x00000000dbd00000)
  from space 4608K, 11% used [0x00000000dbd00000,0x00000000dbd88000,0x00000000dc180000)
  to   space 4608K, 0% used [0x00000000dd580000,0x00000000dd580000,0x00000000dda00000)
 ParOldGen       total 48640K, used 7918K [0x000000008e000000, 0x0000000090f80000, 0x00000000da000000)
  object space 48640K, 16% used [0x000000008e000000,0x000000008e7bb9c0,0x0000000090f80000)
 Metaspace       used 21664K, capacity 21950K, committed 22192K, reserved 1069056K
  class space    used 2574K, capacity 2693K, committed 2816K, reserved 1048576K
}

